<?xml version="1.0" encoding="UTF-8"?>
<!-- Generated by org.testng.reporters.JUnitXMLReporter -->
<testsuite ignored="0" hostname="Sumit" failures="0" tests="5" name="Test" time="201.444" errors="0" timestamp="2022-11-04T11:55:05 IST">
  <testcase classname="testng.test1" name="main" time="0.41"/>
  <testcase classname="testng.test" name="demo" time="0.008"/>
  <testcase classname="testng.test3" name="data" time="49.672"/>
  <testcase classname="testng.test3" name="data" time="74.13"/>
  <testcase classname="testng.test3" name="data" time="58.346"/>
</testsuite> <!-- Test -->
