<?xml version="1.0" encoding="UTF-8"?>
<testng-results ignored="0" total="5" passed="5" failed="0" skipped="0">
  <reporter-output>
    <line>
      <![CDATA[actiTIME - Login]]>
    </line>
    <line>
      <![CDATA[https://demo.actitime.com/login.do]]>
    </line>
    <line>
      <![CDATA[hello sumit your girfriend preeti is wating for you]]>
    </line>
  </reporter-output>
  <suite started-at="2022-11-04T11:51:44 IST" name="Suite" finished-at="2022-11-04T11:55:05 IST" duration-ms="201444">
    <groups>
    </groups>
    <test started-at="2022-11-04T11:51:44 IST" name="Test" finished-at="2022-11-04T11:55:05 IST" duration-ms="201444">
      <class name="testng.test1">
        <test-method is-config="true" signature="openapp()[pri:0, instance:testng.test1@13e39c73]" started-at="2022-11-04T11:51:44 IST" name="openapp" finished-at="2022-11-04T11:52:03 IST" duration-ms="18616" status="PASS">
          <reporter-output>
          </reporter-output>
        </test-method> <!-- openapp -->
        <test-method signature="main()[pri:0, instance:testng.test1@13e39c73]" started-at="2022-11-04T11:52:03 IST" name="main" finished-at="2022-11-04T11:52:03 IST" duration-ms="410" status="PASS">
          <reporter-output>
            <line>
              <![CDATA[actiTIME - Login]]>
            </line>
            <line>
              <![CDATA[https://demo.actitime.com/login.do]]>
            </line>
          </reporter-output>
        </test-method> <!-- main -->
        <test-method is-config="true" signature="close()[pri:0, instance:testng.test1@13e39c73]" started-at="2022-11-04T11:55:05 IST" name="close" finished-at="2022-11-04T11:55:05 IST" duration-ms="118" status="PASS">
          <reporter-output>
          </reporter-output>
        </test-method> <!-- close -->
      </class> <!-- testng.test1 -->
      <class name="testng.test3">
        <test-method signature="data(java.lang.String,java.lang.String)[pri:0, instance:testng.test3@48ae9b55]" started-at="2022-11-04T11:52:03 IST" name="data" data-provider="getdata" finished-at="2022-11-04T11:52:53 IST" duration-ms="49672" status="PASS">
          <params>
            <param index="0">
              <value>
                <![CDATA[123456789]]>
              </value>
            </param>
            <param index="1">
              <value>
                <![CDATA[12358978]]>
              </value>
            </param>
          </params>
          <reporter-output>
          </reporter-output>
        </test-method> <!-- data -->
        <test-method signature="data(java.lang.String,java.lang.String)[pri:0, instance:testng.test3@48ae9b55]" started-at="2022-11-04T11:52:53 IST" name="data" data-provider="getdata" finished-at="2022-11-04T11:54:07 IST" duration-ms="74130" status="PASS">
          <params>
            <param index="0">
              <value>
                <![CDATA[sumit]]>
              </value>
            </param>
            <param index="1">
              <value>
                <![CDATA[preeti]]>
              </value>
            </param>
          </params>
          <reporter-output>
          </reporter-output>
        </test-method> <!-- data -->
        <test-method signature="data(java.lang.String,java.lang.String)[pri:0, instance:testng.test3@48ae9b55]" started-at="2022-11-04T11:54:07 IST" name="data" data-provider="getdata" finished-at="2022-11-04T11:55:05 IST" duration-ms="58346" status="PASS">
          <params>
            <param index="0">
              <value>
                <![CDATA[muna]]>
              </value>
            </param>
            <param index="1">
              <value>
                <![CDATA[mandakini]]>
              </value>
            </param>
          </params>
          <reporter-output>
          </reporter-output>
        </test-method> <!-- data -->
      </class> <!-- testng.test3 -->
      <class name="testng.test">
        <test-method signature="demo()[pri:0, instance:testng.test@6a28ffa4]" started-at="2022-11-04T11:52:03 IST" name="demo" finished-at="2022-11-04T11:52:03 IST" duration-ms="8" status="PASS">
          <reporter-output>
            <line>
              <![CDATA[hello sumit your girfriend preeti is wating for you]]>
            </line>
          </reporter-output>
        </test-method> <!-- demo -->
      </class> <!-- testng.test -->
    </test> <!-- Test -->
  </suite> <!-- Suite -->
</testng-results>
