<?xml version="1.0" encoding="UTF-8"?>
<testng-results ignored="0" total="3" passed="3" failed="0" skipped="0">
  <reporter-output>
  </reporter-output>
  <suite started-at="2022-10-19T18:02:00 IST" name="Default suite" finished-at="2022-10-19T18:05:14 IST" duration-ms="193719">
    <groups>
    </groups>
    <test started-at="2022-10-19T18:02:00 IST" name="Default test" finished-at="2022-10-19T18:05:14 IST" duration-ms="193719">
      <class name="testng.test3">
        <test-method signature="data(java.lang.String,java.lang.String)[pri:0, instance:testng.test3@78e117e3]" started-at="2022-10-19T18:02:00 IST" name="data" data-provider="getdata" finished-at="2022-10-19T18:02:53 IST" duration-ms="52968" status="PASS">
          <params>
            <param index="0">
              <value>
                <![CDATA[123456789]]>
              </value>
            </param>
            <param index="1">
              <value>
                <![CDATA[12358978]]>
              </value>
            </param>
          </params>
          <reporter-output>
          </reporter-output>
        </test-method> <!-- data -->
        <test-method signature="data(java.lang.String,java.lang.String)[pri:0, instance:testng.test3@78e117e3]" started-at="2022-10-19T18:02:53 IST" name="data" data-provider="getdata" finished-at="2022-10-19T18:04:09 IST" duration-ms="75778" status="PASS">
          <params>
            <param index="0">
              <value>
                <![CDATA[sumit]]>
              </value>
            </param>
            <param index="1">
              <value>
                <![CDATA[preeti]]>
              </value>
            </param>
          </params>
          <reporter-output>
          </reporter-output>
        </test-method> <!-- data -->
        <test-method signature="data(java.lang.String,java.lang.String)[pri:0, instance:testng.test3@78e117e3]" started-at="2022-10-19T18:04:09 IST" name="data" data-provider="getdata" finished-at="2022-10-19T18:05:14 IST" duration-ms="64741" status="PASS">
          <params>
            <param index="0">
              <value>
                <![CDATA[muna]]>
              </value>
            </param>
            <param index="1">
              <value>
                <![CDATA[mandakini]]>
              </value>
            </param>
          </params>
          <reporter-output>
          </reporter-output>
        </test-method> <!-- data -->
      </class> <!-- testng.test3 -->
    </test> <!-- Default test -->
  </suite> <!-- Default suite -->
</testng-results>
